<?xml version="1.0" encoding="UTF-8"?>
<!-- Generated by org.testng.reporters.JUnitXMLReporter -->
<testsuite ignored="0" hostname="ERROR" failures="0" tests="5" name="Default test" time="97.154" errors="0" timestamp="2024-05-13T18:21:48 EET">
  <testcase classname="AppTestCases.TestCases" name="ChooseCountry" time="26.455"/>
  <testcase classname="AppTestCases.TestCases" name="SigninProcess" time="16.268"/>
  <testcase classname="AppTestCases.TestCases" name="searchFlight" time="23.753"/>
  <testcase classname="AppTestCases.TestCases" name="selectDepartureAndReturnDate" time="11.498"/>
  <testcase classname="AppTestCases.TestCases" name="selectPassenfersRandomly" time="19.105"/>
</testsuite> <!-- Default test -->
