<?xml version="1.0" encoding="UTF-8"?>
<!-- Generated by org.testng.reporters.JUnitXMLReporter -->
<testsuite ignored="0" hostname="ERROR" failures="0" tests="5" name="Default test" time="89.692" errors="0" timestamp="2024-05-14T19:17:55 EET">
  <testcase classname="AppTestCases.TestCases" name="ChooseCountry" time="21.412"/>
  <testcase classname="AppTestCases.TestCases" name="SigninProcess" time="13.796"/>
  <testcase classname="AppTestCases.TestCases" name="searchFlight" time="18.413"/>
  <testcase classname="AppTestCases.TestCases" name="selectDepartureAndReturnDate" time="9.841"/>
  <testcase classname="AppTestCases.TestCases" name="selectPassenfersRandomly" time="26.162"/>
</testsuite> <!-- Default test -->
