<?xml version="1.0" encoding="UTF-8"?>
<testng-results ignored="0" total="5" passed="5" failed="0" skipped="0">
  <reporter-output>
  </reporter-output>
  <suite started-at="2024-05-14T19:16:25 EET" name="Default suite" finished-at="2024-05-14T19:17:55 EET" duration-ms="89692">
    <groups>
    </groups>
    <test started-at="2024-05-14T19:16:25 EET" name="Default test" finished-at="2024-05-14T19:17:55 EET" duration-ms="89692">
      <class name="AppTestCases.TestCases">
        <test-method is-config="true" signature="setup()[pri:0, instance:AppTestCases.TestCases@7d8995e]" started-at="2024-05-14T19:16:25 EET" name="setup" finished-at="2024-05-14T19:16:25 EET" duration-ms="16" status="PASS">
          <reporter-output>
          </reporter-output>
        </test-method> <!-- setup -->
        <test-method signature="ChooseCountry()[pri:1, instance:AppTestCases.TestCases@7d8995e]" started-at="2024-05-14T19:16:25 EET" name="ChooseCountry" finished-at="2024-05-14T19:16:47 EET" duration-ms="21412" status="PASS">
          <reporter-output>
          </reporter-output>
        </test-method> <!-- ChooseCountry -->
        <test-method signature="SigninProcess()[pri:2, instance:AppTestCases.TestCases@7d8995e]" started-at="2024-05-14T19:16:47 EET" name="SigninProcess" finished-at="2024-05-14T19:17:01 EET" duration-ms="13796" status="PASS">
          <reporter-output>
          </reporter-output>
        </test-method> <!-- SigninProcess -->
        <test-method signature="searchFlight()[pri:3, instance:AppTestCases.TestCases@7d8995e]" started-at="2024-05-14T19:17:01 EET" name="searchFlight" finished-at="2024-05-14T19:17:19 EET" duration-ms="18413" status="PASS">
          <reporter-output>
          </reporter-output>
        </test-method> <!-- searchFlight -->
        <test-method signature="selectDepartureAndReturnDate()[pri:4, instance:AppTestCases.TestCases@7d8995e]" started-at="2024-05-14T19:17:19 EET" name="selectDepartureAndReturnDate" finished-at="2024-05-14T19:17:29 EET" duration-ms="9841" status="PASS">
          <reporter-output>
          </reporter-output>
        </test-method> <!-- selectDepartureAndReturnDate -->
        <test-method signature="selectPassenfersRandomly()[pri:5, instance:AppTestCases.TestCases@7d8995e]" started-at="2024-05-14T19:17:29 EET" name="selectPassenfersRandomly" finished-at="2024-05-14T19:17:55 EET" duration-ms="26162" status="PASS">
          <reporter-output>
          </reporter-output>
        </test-method> <!-- selectPassenfersRandomly -->
      </class> <!-- AppTestCases.TestCases -->
    </test> <!-- Default test -->
  </suite> <!-- Default suite -->
</testng-results>
