<?xml version="1.0" encoding="UTF-8"?>
<testng-results ignored="0" total="5" passed="5" failed="0" skipped="0">
  <reporter-output>
  </reporter-output>
  <suite started-at="2024-05-13T18:20:10 EET" name="Default suite" finished-at="2024-05-13T18:21:48 EET" duration-ms="97154">
    <groups>
    </groups>
    <test started-at="2024-05-13T18:20:10 EET" name="Default test" finished-at="2024-05-13T18:21:48 EET" duration-ms="97154">
      <class name="AppTestCases.TestCases">
        <test-method is-config="true" signature="setup()[pri:0, instance:AppTestCases.TestCases@6302bbb1]" started-at="2024-05-13T18:20:10 EET" name="setup" finished-at="2024-05-13T18:20:10 EET" duration-ms="30" status="PASS">
          <reporter-output>
          </reporter-output>
        </test-method> <!-- setup -->
        <test-method signature="ChooseCountry()[pri:1, instance:AppTestCases.TestCases@6302bbb1]" started-at="2024-05-13T18:20:11 EET" name="ChooseCountry" finished-at="2024-05-13T18:20:37 EET" duration-ms="26455" status="PASS">
          <reporter-output>
          </reporter-output>
        </test-method> <!-- ChooseCountry -->
        <test-method signature="SigninProcess()[pri:2, instance:AppTestCases.TestCases@6302bbb1]" started-at="2024-05-13T18:20:37 EET" name="SigninProcess" finished-at="2024-05-13T18:20:53 EET" duration-ms="16268" status="PASS">
          <reporter-output>
          </reporter-output>
        </test-method> <!-- SigninProcess -->
        <test-method signature="searchFlight()[pri:3, instance:AppTestCases.TestCases@6302bbb1]" started-at="2024-05-13T18:20:53 EET" name="searchFlight" finished-at="2024-05-13T18:21:17 EET" duration-ms="23753" status="PASS">
          <reporter-output>
          </reporter-output>
        </test-method> <!-- searchFlight -->
        <test-method signature="selectDepartureAndReturnDate()[pri:4, instance:AppTestCases.TestCases@6302bbb1]" started-at="2024-05-13T18:21:17 EET" name="selectDepartureAndReturnDate" finished-at="2024-05-13T18:21:28 EET" duration-ms="11498" status="PASS">
          <reporter-output>
          </reporter-output>
        </test-method> <!-- selectDepartureAndReturnDate -->
        <test-method signature="selectPassenfersRandomly()[pri:5, instance:AppTestCases.TestCases@6302bbb1]" started-at="2024-05-13T18:21:28 EET" name="selectPassenfersRandomly" finished-at="2024-05-13T18:21:48 EET" duration-ms="19105" status="PASS">
          <reporter-output>
          </reporter-output>
        </test-method> <!-- selectPassenfersRandomly -->
      </class> <!-- AppTestCases.TestCases -->
    </test> <!-- Default test -->
  </suite> <!-- Default suite -->
</testng-results>
